<?xml version='1.0' encoding='UTF-8'?>
<testsuite hostname="vvansant" name="BipBip.AbstractModulesTester" tests="6" errors="0" failures="0" skipped="0" time="11.34" timestamp="2023-12-13T21:20:56">
          <properties>
      <property name="awt.toolkit" value="sun.awt.windows.WToolkit"/><property name="java.specification.version" value="11"/><property name="sun.cpu.isalist" value="amd64"/><property name="sun.jnu.encoding" value="Cp1252"/><property name="sun.arch.data.model" value="64"/><property name="java.vendor.url" value="https://adoptium.net/"/><property name="user.country.format" value="BE"/><property name="sun.boot.library.path" value="C:\Users\vince\AppData\Local\Coursier\cache\arc\https\github.com\adoptium\temurin11-binaries\releases\download\jdk-11.0.21%252B9\OpenJDK11U-jdk_x64_windows_hotspot_11.0.21_9.zip\jdk-11.0.21+9\bin"/><property name="sun.java.command" value="xsbt.boot.Boot test"/><property name="jdk.debug" value="release"/><property name="sun.stderr.encoding" value="cp850"/><property name="java.specification.vendor" value="Oracle Corporation"/><property name="java.version.date" value="2023-10-17"/><property name="java.home" value="C:\Users\vince\AppData\Local\Coursier\cache\arc\https\github.com\adoptium\temurin11-binaries\releases\download\jdk-11.0.21%252B9\OpenJDK11U-jdk_x64_windows_hotspot_11.0.21_9.zip\jdk-11.0.21+9"/><property name="file.separator" value="\"/><property name="java.vm.compressedOopsMode" value="32-bit"/><property name="line.separator" value="
"/><property name="sun.stdout.encoding" value="cp850"/><property name="java.specification.name" value="Java Platform API Specification"/><property name="java.vm.specification.vendor" value="Oracle Corporation"/><property name="user.script" value=""/><property name="sun.management.compiler" value="HotSpot 64-Bit Tiered Compilers"/><property name="java.runtime.version" value="11.0.21+9"/><property name="user.name" value="vince"/><property name="log4j.ignoreTCL" value="true"/><property name="file.encoding" value="UTF-8"/><property name="jnidispatch.path" value="C:\Users\vince\AppData\Local\Temp\jna-112212413\jna7309399908508640426.dll"/><property name="java.vendor.version" value="Temurin-11.0.21+9"/><property name="jna.loaded" value="true"/><property name="java.io.tmpdir" value="C:\Users\vince\AppData\Local\Temp\"/><property name="java.version" value="11.0.21"/><property name="java.vm.specification.name" value="Java Virtual Machine Specification"/><property name="java.awt.printerjob" value="sun.awt.windows.WPrinterJob"/><property name="sun.os.patch.level" value=""/><property name="java.library.path" value="C:\Users\vince\AppData\Local\Coursier\cache\arc\https\github.com\adoptium\temurin11-binaries\releases\download\jdk-11.0.21%252B9\OpenJDK11U-jdk_x64_windows_hotspot_11.0.21_9.zip\jdk-11.0.21+9\bin;C:\windows\Sun\Java\bin;C:\windows\system32;C:\windows;C:\Users\vince\AppData\Local\Coursier\cache\arc\https\github.com\adoptium\temurin11-binaries\releases\download\jdk-11.0.21%252B9\OpenJDK11U-jdk_x64_windows_hotspot_11.0.21_9.zip\jdk-11.0.21+9\bin;C:\windows\system32;C:\windows;C:\windows\System32\Wbem;C:\windows\System32\WindowsPowerShell\v1.0\;C:\windows\System32\OpenSSH\;C:\Program Files (x86)\NVIDIA Corporation\PhysX\Common;C:\Program Files\NVIDIA Corporation\NVIDIA NvDLISR;C:\Users\Administrator\AppData\Local\Microsoft\WindowsApps;C:\Program Files\HP\OMEN-Broadcast\Common;C:\Program Files\Git\cmd;C:\Program Files;C:\Program Files\dotnet\;C:\Program Files (x86)\Windows Kits\10\Windows Performance Toolkit\;C:\Program Files\Microsoft Visual Studio\2022\Community\VC\Tools\MSVC\14.38.33130\bin\Hostx86\x86;C:\Program Files\Microsoft Visual Studio\2022\Community\VC\Tools\MSVC\14.38.33130\include;C:\msys64\mingw64\bin;C:\Users\vince\AppData\Local\Microsoft\WindowsApps;C:\Users\vince\AppData\Local\Programs\Microsoft VS Code\bin;C:\Program Files;C:\Users\vince\AppData\Local\GitHubDesktop\bin;C:\Users\vince\AppData\Local\Coursier\cache\arc\https\github.com\adoptium\temurin11-binaries\releases\download\jdk-11.0.21%252B9\OpenJDK11U-jdk_x64_windows_hotspot_11.0.21_9.zip\jdk-11.0.21+9\bin;C:\Users\vince\AppData\Local\Coursier\data\bin;C:\Users\vince\.dotnet\tools;C:\Program Files\Microsoft Visual Studio\2022\Community\VC\Tools\MSVC\14.38.33130\bin\Hostx86\x86;C:\Program Files\Microsoft Visual Studio\2022\Community\VC\Tools\MSVC\14.38.33130\include;C:\msys64\mingw64\bin;;."/><property name="java.vendor" value="Eclipse Adoptium"/><property name="java.specification.maintenance.version" value="2"/><property name="scala.ext.dirs" value="C:\Users\vince\.sbt\1.0\java9-rt-ext-eclipse_adoptium_11_0_21"/><property name="sun.io.unicode.encoding" value="UnicodeLittle"/><property name="sun.desktop" value="windows"/><property name="java.class.path" value="C:\Users\vince\AppData\Local\Coursier\cache\arc\https\github.com\sbt\sbt\releases\download\v1.9.7\sbt-1.9.7.zip\sbt\bin\sbt-launch.jar"/><property name="java.vm.vendor" value="Eclipse Adoptium"/><property name="user.variant" value=""/><property name="jline.shutdownhook" value="false"/><property name="user.timezone" value="Europe/Brussels"/><property name="os.name" value="Windows 11"/><property name="java.vm.specification.version" value="11"/><property name="sun.java.launcher" value="SUN_STANDARD"/><property name="user.country" value="GB"/><property name="sun.cpu.endian" value="little"/><property name="user.home" value="C:\Users\vince"/><property name="user.language" value="en"/><property name="sbt.ipcsocket.tmpdir" value="C:\Users\vince\AppData\Local\Temp\.sbt5dec7089\ipcsocket"/><property name="swoval.tmpdir" value="C:\Users\vince\AppData\Local\Temp\.sbt5dec7089\swoval"/><property name="java.awt.graphicsenv" value="sun.awt.Win32GraphicsEnvironment"/><property name="jline.esc.timeout" value="0"/><property name="path.separator" value=";"/><property name="os.version" value="10.0"/><property name="jna.nosys" value="true"/><property name="java.runtime.name" value="OpenJDK Runtime Environment"/><property name="java.vm.name" value="OpenJDK 64-Bit Server VM"/><property name="java.vendor.url.bug" value="https://github.com/adoptium/adoptium-support/issues"/><property name="user.dir" value="C:\Users\vince\Documents\School\Master\master_thesis\BipBip"/><property name="os.arch" value="amd64"/><property name="java.vm.info" value="mixed mode"/><property name="java.vm.version" value="11.0.21+9"/><property name="java.class.version" value="55.0"/>
    </properties>
          <testcase classname="BipBip.AbstractModulesTester" name="BPL should match the C++ BPL1 model" time="8.722">
                      
                    </testcase><testcase classname="BipBip.AbstractModulesTester" name="BPL should match the C++ BPL2 model" time="0.768">
                      
                    </testcase><testcase classname="BipBip.AbstractModulesTester" name="BPL should match the C++ BPL3 model" time="0.438">
                      
                    </testcase><testcase classname="BipBip.AbstractModulesTester" name="BPL should match the C++ BPL4 model" time="0.489">
                      
                    </testcase><testcase classname="BipBip.AbstractModulesTester" name="BPL should match the C++ BPL5 model" time="0.463">
                      
                    </testcase><testcase classname="BipBip.AbstractModulesTester" name="SBL should match the C++ SBL model" time="0.46">
                      
                    </testcase>
          <system-out><![CDATA[]]></system-out>
          <system-err><![CDATA[]]></system-err>
        </testsuite>